xterm-31657 	   0     8   113314048  Rand    -427336      0        RM   4.666589 START
xterm-31657  .015820     8   113248520  Rand     -65536      0        RA   4.682409   C
xterm-31657  .000066     8   113248528   Seq          0      8        RA   4.682475   C
xterm-31657  .000040     8   113248536   Seq          0     16        RA   4.682515   C
xterm-31657  .000040     8   113248544   Seq          0     24        RA   4.682555   C
xterm-31657  .000037     8   113248552   Seq          0     32        RA   4.682592   C
xterm-31657  .000040     8   113248568   Seq          8     40        RA   4.682632   C
xterm-31657  .000038     8   113248576   Seq          0     48        RA   4.682670   C
xterm-31657  .000033     8   113248584   Seq          0     56        RA   4.682703   C
xterm-31657  .000034     8   113248592   Seq          0     64        RA   4.682737   C
xterm-31657  .000034     8   113248600   Seq          0     72        RA   4.682771   C
xterm-31657  .000051     8   113248608   Seq          0     80        RA   4.682822   C
xterm-31657  .000041     8   113248616   Seq          0     88        RA   4.682863   C
xterm-31657  .000048     8   113248624   Seq          0     96        RA   4.682911   C
xterm-31657  .000039     8   113248632   Seq          0    104        RA   4.682950   C
xterm-31657  .000036     8   113248640   Seq          0    112        RA   4.682986   C
xterm-31657  .000035     8   113248648   Seq          0    120        RA   4.683021   C
xterm-31657  .000038     8   113248656   Seq          0    128        RA   4.683059   C
xterm-31657  .000036     8   113248664   Seq          0    136        RA   4.683095   C
xterm-31657  .000039     8   113248672   Seq          0    144        RA   4.683134   C
xterm-31657  .000036     8   113248680   Seq          0    152        RA   4.683170   C
xterm-31657  .000051     8   113248688   Seq          0    160        RA   4.683221   C
xterm-31657  .000033     8   113248696   Seq          0    168        RA   4.683254   C
xterm-31657  .000033     8   113248704   Seq          0    176        RA   4.683287   C
xterm-31657  .000032     8   113248712   Seq          0    184        RA   4.683319   C
xterm-31657  .000038     8   113248720   Seq          0    192        RA   4.683357   C
xterm-31657  .000038     8   113248728   Seq          0    200        RA   4.683395   C
xterm-31657  .000038     8   113248736   Seq          0    208        RA   4.683433   C
xterm-31657  .000037     8   113248744   Seq          0    216        RA   4.683470   C
xterm-31657  .000042     8   113248752   Seq          0    224        RA   4.683512   C
xterm-31657  .000058     8   113248760   Seq          0    232        RA   4.683570   C
xterm-31657  .000065     8   113248768   Seq          0    240        RA   4.683635   C
xterm-31657  .000060     8   113248512   Seq       -264    248        RM   4.683695   C
xterm-31657  .042720     8   113314088  Rand      65568      0        RM   4.726415   C
xterm-31657  .000598     8   117446144  Rand    4132048      0        RA   4.727013   C
xterm-31657  .000042     8   117446152   Seq          0      8        RA   4.727055   C
xterm-31657  .000031     8   117446160   Seq          0     16        RA   4.727086   C
xterm-31657  .000028     8   117446168   Seq          0     24        RA   4.727114   C
xterm-31657  .000027     8   117446176   Seq          0     32        RA   4.727141   C
xterm-31657  .000032     8   117446184   Seq          0     40        RA   4.727173   C
xterm-31657  .000041     8   117446192   Seq          0     48        RA   4.727214   C
xterm-31657  .000028     8   117446200   Seq          0     56        RA   4.727242   C
xterm-31657  .000026     8   117446208   Seq          0     64        RA   4.727268   C
xterm-31657  .000027     8   117446216   Seq          0     72        RA   4.727295   C
xterm-31657  .000026     8   117446224   Seq          0     80        RA   4.727321   C
xterm-31657  .000027     8   117446232   Seq          0     88        RA   4.727348   C
xterm-31657  .000026     8   117446240   Seq          0     96        RA   4.727374   C
xterm-31657  .000026     8   117446248   Seq          0    104        RA   4.727400   C
xterm-31657  .000027     8   117446256   Seq          0    112        RA   4.727427   C
xterm-31657  .000026     8   117446264   Seq          0    120        RA   4.727453   C
xterm-31657  .000027     8   117446272   Seq          0    128        RA   4.727480   C
xterm-31657  .000027     8   117446280   Seq          0    136        RA   4.727507   C
xterm-31657  .000025     8   117446288   Seq          0    144        RA   4.727532   C
xterm-31657  .000028     8   117446296   Seq          0    152        RA   4.727560   C
xterm-31657  .000026     8   117446304   Seq          0    160        RA   4.727586   C
xterm-31657  .000027     8   117446312   Seq          0    168        RA   4.727613   C
xterm-31657  .000026     8   117446320   Seq          0    176        RA   4.727639   C
xterm-31657  .000025     8   117446328   Seq          0    184        RA   4.727664   C
xterm-31657  .000031     8   117446336   Seq          0    192        RA   4.727695   C
xterm-31657  .000026     8   117446352   Seq          8    200        RA   4.727721   C
xterm-31657  .000030     8   117446360   Seq          0    208        RA   4.727751   C
xterm-31657  .000026     8   117446368   Seq          0    216        RA   4.727777   C
xterm-31657  .000027     8   117446376   Seq          0    224        RA   4.727804   C
xterm-31657  .000030     8   117446384   Seq          0    232        RA   4.727834   C
xterm-31657  .000026     8   117446392   Seq          0    240        RA   4.727860   C
xterm-31657  .000026     8   117446400   Seq          0    248        RA   4.727886   C
xterm-31657  .000025     8   117446344   Seq        -64    256        RM   4.727911   C
xterm-31657  .063763     8   113314152  Rand   -4132200      0        RM   4.791674   C
xterm-31657  .047093     8   113249288  Rand     -64872      0        RA   4.838767   C
xterm-31657  .000053     8   113249296   Seq          0      8        RA   4.838820   C
xterm-31657  .000033     8   113249304   Seq          0     16        RA   4.838853   C
xterm-31657  .000043     8   113249312   Seq          0     24        RA   4.838896   C
xterm-31657  .000050     8   113249320   Seq          0     32        RA   4.838946   C
xterm-31657  .000031     8   113249328   Seq          0     40        RA   4.838977   C
xterm-31657  .000051     8   113249336   Seq          0     48        RA   4.839028   C
xterm-31657  .000042     8   113249344   Seq          0     56        RA   4.839070   C
xterm-31657  .000044     8   113249352   Seq          0     64        RA   4.839114   C
xterm-31657  .000041     8   113249360   Seq          0     72        RA   4.839155   C
xterm-31657  .000053     8   113249368   Seq          0     80        RA   4.839208   C
xterm-31657  .000043     8   113249376   Seq          0     88        RA   4.839251   C
xterm-31657  .000028     8   113249384   Seq          0     96        RA   4.839279   C
xterm-31657  .000044     8   113249392   Seq          0    104        RA   4.839323   C
xterm-31657  .000039     8   113249408   Seq          8    112        RA   4.839362   C
xterm-31657  .000040     8   113249416   Seq          0    120        RA   4.839402   C
xterm-31657  .000037     8   113249424   Seq          0    128        RA   4.839439   C
xterm-31657  .000030     8   113249432   Seq          0    136        RA   4.839469   C
xterm-31657  .000035     8   113249440   Seq          0    144        RA   4.839504   C
xterm-31657  .000028     8   113249448   Seq          0    152        RA   4.839532   C
xterm-31657  .000027     8   113249456   Seq          0    160        RA   4.839559   C
xterm-31657  .000028     8   113249464   Seq          0    168        RA   4.839587   C
xterm-31657  .000035     8   113249472   Seq          0    176        RA   4.839622   C
xterm-31657  .000031     8   113249480   Seq          0    184        RA   4.839653   C
xterm-31657  .000026     8   113249488   Seq          0    192        RA   4.839679   C
xterm-31657  .000031     8   113249496   Seq          0    200        RA   4.839710   C
xterm-31657  .000031     8   113249504   Seq          0    208        RA   4.839741   C
xterm-31657  .000038     8   113249512   Seq          0    216        RA   4.839779   C
xterm-31657  .000048     8   113249520   Seq          0    224        RA   4.839827   C
xterm-31657  .000039     8   113249528   Seq          0    232        RA   4.839866   C
xterm-31657  .000034     8   113249536   Seq          0    240        RA   4.839900   C
xterm-31657  .000035     8   113249400   Seq       -144    248        RM   4.839935   C
xterm-31657  .063662    32   113792864  Rand     543432      0         R   4.903597   C
xterm-31657  .012670   136   113793992   Seq        992    136         R   4.916267   C
xterm-31657  .010771     8   113316256  Rand    -477744      0        RM   4.927038   C
xterm-31657  .017649     8   113319128   Seq       2864      8        RM   4.944687   C
xterm-31657  .005568     8   113253120  Rand     -66016      0        RA   4.950255   C
xterm-31657  .000048     8   113253128   Seq          0      8        RA   4.950303   C
xterm-31657  .000025     8   113253136   Seq          0     16        RA   4.950328   C
xterm-31657  .000022     8   113253144   Seq          0     24        RA   4.950350   C
xterm-31657  .000021     8   113253152   Seq          0     32        RA   4.950371   C
xterm-31657  .000021     8   113253160   Seq          0     40        RA   4.950392   C
xterm-31657  .000068     8   113253232   Seq         64     48        RA   4.950460   C
xterm-31657  .000064     8   113253224   Seq        -16     56        RM   4.950524   C
xterm-31657  .325314     8   114462240  Rand    1209008      0         R   5.275838   C
xterm-31657  .018000     8   113319184  Rand   -1143064      0        RM   5.293838   C
xterm-31657  .022329     8   113319224   Seq         32      8        RM   5.316167   C
xterm-31657  .005250    32   114558792  Rand    1239536      0         R   5.321417   C
xterm-31657  .017524   136   114558824   Seq       -104    136         R   5.338941   C
xterm-31657  .001015     8   113319136  Rand   -1239696      0        RM   5.339956   C
xterm-31657  .007506     8   113253384  Rand     -65760      0        RA   5.347462   C
xterm-31657  .000063     8   113253392   Seq          0      8        RA   5.347525   C
xterm-31657  .000081     8   113253400   Seq          0     16        RA   5.347606   C
xterm-31657  .000071     8   113253408   Seq          0     24        RA   5.347677   C
xterm-31657  .000088     8   113253424   Seq          8     32        RA   5.347765   C
xterm-31657  .000071     8   113253432   Seq          0     40        RA   5.347836   C
xterm-31657  .000093     8   113253440   Seq          0     48        RA   5.347929   C
xterm-31657  .000053     8   113253448   Seq          0     56        RA   5.347982   C
xterm-31657  .000050     8   113253456   Seq          0     64        RA   5.348032   C
xterm-31657  .000044     8   113253464   Seq          0     72        RA   5.348076   C
xterm-31657  .000048     8   113253472   Seq          0     80        RA   5.348124   C
xterm-31657  .000049     8   113253480   Seq          0     88        RA   5.348173   C
xterm-31657  .000081     8   113253488   Seq          0     96        RA   5.348254   C
xterm-31657  .000051     8   113253496   Seq          0    104        RA   5.348305   C
xterm-31657  .000051     8   113253504   Seq          0    112        RA   5.348356   C
xterm-31657  .000052     8   113253512   Seq          0    120        RA   5.348408   C
xterm-31657  .000072     8   113253520   Seq          0    128        RA   5.348480   C
xterm-31657  .000054     8   113253528   Seq          0    136        RA   5.348534   C
xterm-31657  .000045     8   113253536   Seq          0    144        RA   5.348579   C
xterm-31657  .000049     8   113253544   Seq          0    152        RA   5.348628   C
xterm-31657  .000085     8   113253552   Seq          0    160        RA   5.348713   C
xterm-31657  .000055     8   113253560   Seq          0    168        RA   5.348768   C
xterm-31657  .000045     8   113253568   Seq          0    176        RA   5.348813   C
xterm-31657  .000043     8   113253576   Seq          0    184        RA   5.348856   C
xterm-31657  .000047     8   113253584   Seq          0    192        RA   5.348903   C
xterm-31657  .000043     8   113253592   Seq          0    200        RA   5.348946   C
xterm-31657  .000044     8   113253600   Seq          0    208        RA   5.348990   C
xterm-31657  .000044     8   113253608   Seq          0    216        RA   5.349034   C
xterm-31657  .000044     8   113253616   Seq          0    224        RA   5.349078   C
xterm-31657  .000045     8   113253624   Seq          0    232        RA   5.349123   C
xterm-31657  .000044     8   113253632   Seq          0    240        RA   5.349167   C
xterm-31657  .000040     8   113253416   Seq       -224    248        RM   5.349207   C
xterm-31657  .009229    16   114737024  Rand    1483592      0         R   5.358436   C
xterm-31657  .000009     8   114737064   Seq         32      8         R   5.358445   C
xterm-31657  .012413     8   113319168  Rand   -1417904      0        RM   5.370858   C
xterm-31657  .004881     8   113319160   Seq        -16      8        RM   5.375739   C
xterm-31657  .000706    32   114460800  Rand    1141608      0         R   5.376445   C
xterm-31657  .015831   144   114461584   Seq        640    144         R   5.392276   C
xterm-31657  .006695   224   114460832   Seq       -976    368         R   5.398971   C
xterm-31657  .057965     8   113319216  Rand   -1141624      0        RM   5.456936   C
xterm-31657  .006559     8   113319096   Seq       -128      8        RM   5.463495   C
xterm-31657  .000383    32   114462464  Rand    1143336      0         R   5.463878   C
xterm-31657  .000343   144   114462528   Seq        -80    144         R   5.464221   C
xterm-31657  .000510     8   113319200  Rand   -1143336      0        RM   5.464731   C
xterm-31657  .000309    32   114462976  Rand    1143744      0         R   5.465040   C
xterm-31657  .000313   136   114463672   Seq        560    136         R   5.465353   C
xterm-31657  .008049   224   114463008   Seq       -888    360         R   5.473402   C
xterm-31657  .004831   136   114460640   Seq      -2504    496         R   5.478233   C
xterm-31657  .001014   224   113792896  Rand    -667968      0         R   5.479247   C
xterm-31657  .014802     8   113319144  Rand    -473760      0        RM   5.494049   C
xterm-31657  .000376    32   114462720  Rand    1143544      0         R   5.494425   C
xterm-31657  .000329   112   114462752   Seq        -80    112         R   5.494754   C
xterm-31657  .000492     8   114386728  Rand     -76032      0         R   5.495246   C
xterm-31657  .012730     8   113320024  Rand   -1066712      0        RM   5.507976   C
xterm-31657  .007992     8   113253888  Rand     -66144      0        RA   5.515968   C
xterm-31657  .000063     8   113253896   Seq          0      8        RA   5.516031   C
xterm-31657  .000047     8   113253904   Seq          0     16        RA   5.516078   C
xterm-31657  .000044     8   113253920   Seq          8     24        RA   5.516122   C
xterm-31657  .000036     8   113253928   Seq          0     32        RA   5.516158   C
xterm-31657  .000047     8   113253936   Seq          0     40        RA   5.516205   C
xterm-31657  .000025     8   113253944   Seq          0     48        RA   5.516230   C
xterm-31657  .000033     8   113253952   Seq          0     56        RA   5.516263   C
xterm-31657  .000033     8   113253960   Seq          0     64        RA   5.516296   C
xterm-31657  .000039     8   113253968   Seq          0     72        RA   5.516335   C
xterm-31657  .000056     8   113253976   Seq          0     80        RA   5.516391   C
xterm-31657  .000054     8   113253984   Seq          0     88        RA   5.516445   C
xterm-31657  .000028     8   113253992   Seq          0     96        RA   5.516473   C
xterm-31657  .000049     8   113254000   Seq          0    104        RA   5.516522   C
xterm-31657  .000026     8   113254008   Seq          0    112        RA   5.516548   C
xterm-31657  .000064     8   113254016   Seq          0    120        RA   5.516612   C
xterm-31657  .000064     8   113254024   Seq          0    128        RA   5.516676   C
xterm-31657  .000084     8   113254032   Seq          0    136        RA   5.516760   C
xterm-31657  .000042     8   113254040   Seq          0    144        RA   5.516802   C
xterm-31657  .000057     8   113254048   Seq          0    152        RA   5.516859   C
xterm-31657  .000037     8   113254056   Seq          0    160        RA   5.516896   C
xterm-31657  .000037     8   113254064   Seq          0    168        RA   5.516933   C
xterm-31657  .000050     8   113254072   Seq          0    176        RA   5.516983   C
xterm-31657  .000048     8   113254080   Seq          0    184        RA   5.517031   C
xterm-31657  .000052     8   113254088   Seq          0    192        RA   5.517083   C
xterm-31657  .000039     8   113254096   Seq          0    200        RA   5.517122   C
xterm-31657  .000048     8   113254104   Seq          0    208        RA   5.517170   C
xterm-31657  .000051     8   113254112   Seq          0    216        RA   5.517221   C
xterm-31657  .000036     8   113254120   Seq          0    224        RA   5.517257   C
xterm-31657  .000035     8   113254128   Seq          0    232        RA   5.517292   C
xterm-31657  .000034     8   113254136   Seq          0    240        RA   5.517326   C
xterm-31657  .000035     8   113254144   Seq          0    248        RA   5.517361   C
xterm-31657  .000033     8   113253912   Seq       -240    256        RM   5.517394   C
xterm-31657  .015072    24   115053080  Rand    1799144      0         R   5.532466   C
xterm-31657  .023012     8   159388432  Rand   44335344      0        RA   5.555478   C
xterm-31657  .000087     8   159388440   Seq          0      8        RA   5.555565   C
xterm-31657  .000030     8   159388448   Seq          0     16        RA   5.555595   C
xterm-31657  .000028     8   159388456   Seq          0     24        RA   5.555623   C
xterm-31657  .000027     8   159388464   Seq          0     32        RA   5.555650   C
xterm-31657  .000027     8   159388472   Seq          0     40        RA   5.555677   C
xterm-31657  .000030     8   159388480   Seq          0     48        RA   5.555707   C
xterm-31657  .000051     8   159388488   Seq          0     56        RA   5.555758   C
xterm-31657  .000047     8   159388496   Seq          0     64        RA   5.555805   C
xterm-31657  .000041     8   159388504   Seq          0     72        RA   5.555846   C
xterm-31657  .000057     8   159388512   Seq          0     80        RA   5.555903   C
xterm-31657  .000037     8   159388520   Seq          0     88        RA   5.555940   C
xterm-31657  .000035     8   159388528   Seq          0     96        RA   5.555975   C
xterm-31657  .000036     8   159388536   Seq          0    104        RA   5.556011   C
xterm-31657  .000029     8   159388544   Seq          0    112        RA   5.556040   C
xterm-31657  .000028     8   159388552   Seq          0    120        RA   5.556068   C
xterm-31657  .000036     8   159388560   Seq          0    128        RA   5.556104   C
xterm-31657  .000041     8   159388568   Seq          0    136        RA   5.556145   C
xterm-31657  .000036     8   159388576   Seq          0    144        RA   5.556181   C
xterm-31657  .000039     8   159388584   Seq          0    152        RA   5.556220   C
xterm-31657  .000029     8   159388592   Seq          0    160        RA   5.556249   C
xterm-31657  .000027     8   159388600   Seq          0    168        RA   5.556276   C
xterm-31657  .000038     8   159388608   Seq          0    176        RA   5.556314   C
xterm-31657  .000030     8   159388616   Seq          0    184        RA   5.556344   C
xterm-31657  .000029     8   159388624   Seq          0    192        RA   5.556373   C
xterm-31657  .000033     8   159388632   Seq          0    200        RA   5.556406   C
xterm-31657  .000033     8   159388640   Seq          0    208        RA   5.556439   C
xterm-31657  .000029     8   159388648   Seq          0    216        RA   5.556468   C
xterm-31657  .000027     8   159388656   Seq          0    224        RA   5.556495   C
xterm-31657  .000034     8   159388664   Seq          0    232        RA   5.556529   C
xterm-31657  .000024     8   159388672   Seq          0    240        RA   5.556553   C
xterm-31657  .000021     8   159388424   Seq       -256    248        RM   5.556574   C
xterm-31657  .019036    32   160224272  Rand     835816      0         R   5.575610   C
xterm-31657  .015798     8   113319176  Rand  -46905104      0        RM   5.591408   C
xterm-31657  .000473    16   114558336  Rand    1239144      0         R   5.591881   C
xterm-31657  .020538   136   120952792  Rand    6394320      0         R   5.612419   C
xterm-31657  .023886     8   114462936  Rand   -6489864      0         R   5.636305   C
xterm-31657  .000411     8   159455872  Rand   44992928      0        RM   5.636716   C
xterm-31657  .008500     8   159387904  Rand     -67976      0        RA   5.645216   C
xterm-31657  .000045     8   159387912   Seq          0      8        RA   5.645261   C
xterm-31657  .000027     8   159387920   Seq          0     16        RA   5.645288   C
xterm-31657  .000029     8   159387928   Seq          0     24        RA   5.645317   C
xterm-31657  .000073     8   159387936   Seq          0     32        RA   5.645390   C
xterm-31657  .000029     8   159387944   Seq          0     40        RA   5.645419   C
xterm-31657  .000058     8   159387952   Seq          0     48        RA   5.645477   C
xterm-31657  .000026     8   159387960   Seq          0     56        RA   5.645503   C
xterm-31657  .000028     8   159387968   Seq          0     64        RA   5.645531   C
xterm-31657  .000041     8   159387976   Seq          0     72        RA   5.645572   C
xterm-31657  .000035     8   159387984   Seq          0     80        RA   5.645607   C
xterm-31657  .000027     8   159387992   Seq          0     88        RA   5.645634   C
xterm-31657  .000027     8   159388000   Seq          0     96        RA   5.645661   C
xterm-31657  .000027     8   159388008   Seq          0    104        RA   5.645688   C
xterm-31657  .000026     8   159388016   Seq          0    112        RA   5.645714   C
xterm-31657  .000031     8   159388024   Seq          0    120        RA   5.645745   C
xterm-31657  .000034     8   159388032   Seq          0    128        RA   5.645779   C
xterm-31657  .000035     8   159388040   Seq          0    136        RA   5.645814   C
xterm-31657  .000040     8   159388048   Seq          0    144        RA   5.645854   C
xterm-31657  .000042     8   159388056   Seq          0    152        RA   5.645896   C
xterm-31657  .000028     8   159388064   Seq          0    160        RA   5.645924   C
xterm-31657  .000026     8   159388072   Seq          0    168        RA   5.645950   C
xterm-31657  .000077     8   159388080   Seq          0    176        RA   5.646027   C
xterm-31657  .000033     8   159388088   Seq          0    184        RA   5.646060   C
xterm-31657  .000027     8   159388096   Seq          0    192        RA   5.646087   C
xterm-31657  .000026     8   159388104   Seq          0    200        RA   5.646113   C
xterm-31657  .000026     8   159388112   Seq          0    208        RA   5.646139   C
xterm-31657  .000026     8   159388120   Seq          0    216        RA   5.646165   C
xterm-31657  .000026     8   159388128   Seq          0    224        RA   5.646191   C
xterm-31657  .000026     8   159388136   Seq          0    232        RA   5.646217   C
xterm-31657  .000027     8   159388144   Seq          0    240        RA   5.646244   C
xterm-31657  .000026     8   159388160   Seq          8    248        RA   5.646270   C
xterm-31657  .000025     8   159388152   Seq        -16    256        RM   5.646295   C
xterm-31657  .045889    24   121318120  Rand  -38070056      0         R   5.692184   C
xterm-31657  .019345     8   159461960  Rand   38143832      0        RM   5.711529   C
xterm-31657  .010290    88   120894624  Rand  -38567424      0         R   5.721819   C
xterm-31657  .012541     8   114453112  Rand   -6441520      0         R   5.734360   C
xterm-31657  .011627     8   115072608  Rand     619488      0         R   5.745987   C
xterm-31657  .013561     8   109738448  Rand   -5334168      0         R   5.759548   C
xterm-31657  .016474     8   160225144  Rand   50486688      0         R   5.776022   C
xterm-31657  .000272     8   113319192  Rand  -46905960      0        RM   5.776294   C
xterm-31657  .000221     8   113253640  Rand     -65560      0        RA   5.776515   C
xterm-31657  .000037     8   113253648   Seq          0      8        RA   5.776552   C
xterm-31657  .000030     8   113253656   Seq          0     16        RA   5.776582   C
xterm-31657  .000029     8   113253664   Seq          0     24        RA   5.776611   C
xterm-31657  .000044     8   113253672   Seq          0     32        RA   5.776655   C
xterm-31657  .000029     8   113253680   Seq          0     40        RA   5.776684   C
xterm-31657  .000028     8   113253688   Seq          0     48        RA   5.776712   C
xterm-31657  .000030     8   113253696   Seq          0     56        RA   5.776742   C
xterm-31657  .000029     8   113253704   Seq          0     64        RA   5.776771   C
xterm-31657  .000027     8   113253712   Seq          0     72        RA   5.776798   C
xterm-31657  .000028     8   113253720   Seq          0     80        RA   5.776826   C
xterm-31657  .000044     8   113253728   Seq          0     88        RA   5.776870   C
xterm-31657  .000029     8   113253744   Seq          8     96        RA   5.776899   C
xterm-31657  .000027     8   113253752   Seq          0    104        RA   5.776926   C
xterm-31657  .000028     8   113253760   Seq          0    112        RA   5.776954   C
xterm-31657  .000041     8   113253768   Seq          0    120        RA   5.776995   C
xterm-31657  .000029     8   113253776   Seq          0    128        RA   5.777024   C
xterm-31657  .000028     8   113253784   Seq          0    136        RA   5.777052   C
xterm-31657  .000070     8   113253792   Seq          0    144        RA   5.777122   C
xterm-31657  .000042     8   113253800   Seq          0    152        RA   5.777164   C
xterm-31657  .000031     8   113253808   Seq          0    160        RA   5.777195   C
xterm-31657  .000037     8   113253816   Seq          0    168        RA   5.777232   C
xterm-31657  .000043     8   113253824   Seq          0    176        RA   5.777275   C
xterm-31657  .000042     8   113253832   Seq          0    184        RA   5.777317   C
xterm-31657  .000042     8   113253840   Seq          0    192        RA   5.777359   C
xterm-31657  .000041     8   113253848   Seq          0    200        RA   5.777400   C
xterm-31657  .000040     8   113253856   Seq          0    208        RA   5.777440   C
xterm-31657  .000040     8   113253864   Seq          0    216        RA   5.777480   C
xterm-31657  .000041     8   113253872   Seq          0    224        RA   5.777521   C
xterm-31657  .000029     8   113253880   Seq          0    232        RA   5.777550   C
xterm-31657  .000059     8   113253736   Seq       -152    240        RM   5.777609   C
xterm-31657  .027997    16   114970736  Rand    1716984      0         R   5.805606   C
xterm-31657  .016435     8   160224840  Rand   45254096      0         R   5.822041   C
xterm-31657  .000269    16   114558192  Rand  -45666664      0         R   5.822310   C
xterm-31657  .000224     8   113319112  Rand   -1239088      0        RM   5.822534   C
xterm-31657  .000769     8   114509288  Rand    1190168      0         R   5.823303   C
xterm-31657  .013789   144   120907088  Rand    6397656      0         R   5.837092   C
xterm-31657  .022944   256   114463232  Rand   -6444112      0         R   5.860036   C
xterm-31657  .000161    32   114462496   Seq       -768     32         R   5.860197   C
xterm-31657  .123798   256   114461056   Seq      -1696    288         R   5.983995   C
xterm-31657  .000233   256   113793120  Rand    -668192      0         R   5.984228   C
xterm-31657  .000192   256   113793376   Seq          0    256         R   5.984420   C
xterm-31657  .033144   160   114463512  Rand     669976      0         R   6.017564   C
xterm-31657  .002470   232   113793632  Rand    -670112      0         R   6.020034   C
xterm-31657  .002922     8    83888384  Rand  -29905256      0        RA   6.022956   C
xterm-31657  .000055     8    83888392   Seq          0      8        RA   6.023011   C
xterm-31657  .000028     8    83888400   Seq          0     16        RA   6.023039   C
xterm-31657  .000027     8    83888408   Seq          0     24        RA   6.023066   C
xterm-31657  .000027     8    83888416   Seq          0     32        RA   6.023093   C
xterm-31657  .000029     8    83888432   Seq          8     40        RA   6.023122   C
xterm-31657  .000028     8    83888440   Seq          0     48        RA   6.023150   C
xterm-31657  .000027     8    83888448   Seq          0     56        RA   6.023177   C
xterm-31657  .000043     8    83888472   Seq         16     64        RA   6.023220   C
xterm-31657  .000027     8    83888480   Seq          0     72        RA   6.023247   C
xterm-31657  .000026     8    83888464   Seq        -24     80        RM   6.023273   C
xterm-31657  .027686    24   114463488  Rand   30575000      0         R   6.050959   C
xterm-31657  .003202     8   142681640  Rand   28218144      0        RM   6.054161   C
xterm-31657  .010295     8   142610432  Rand     -71216      0        RA   6.064456   C
xterm-31657  .000115     8   142610440   Seq          0      8        RA   6.064571   C
xterm-31657  .000116     8   142610448   Seq          0     16        RA   6.064687   C
xterm-31657  .000114     8   142610456   Seq          0     24        RA   6.064801   C
xterm-31657  .000109     8   142610464   Seq          0     32        RA   6.064910   C
xterm-31657  .000206     8   142610472   Seq          0     40        RA   6.065116   C
xterm-31657  .000157     8   142610480   Seq          0     48        RA   6.065273   C
xterm-31657  .000102     8   142610488   Seq          0     56        RA   6.065375   C
xterm-31657  .000270     8   142610496   Seq          0     64        RA   6.065645   C
xterm-31657  .000129     8   142610504   Seq          0     72        RA   6.065774   C
xterm-31657  .000123     8   142610512   Seq          0     80        RA   6.065897   C
xterm-31657  .000205     8   142610520   Seq          0     88        RA   6.066102   C
xterm-31657  .000110     8   142610528   Seq          0     96        RA   6.066212   C
xterm-31657  .000118     8   142610536   Seq          0    104        RA   6.066330   C
xterm-31657  .000105     8   142610544   Seq          0    112        RA   6.066435   C
xterm-31657  .000111     8   142610552   Seq          0    120        RA   6.066546   C
xterm-31657  .000102     8   142610560   Seq          0    128        RA   6.066648   C
xterm-31657  .000112     8   142610576   Seq          8    136        RA   6.066760   C
xterm-31657  .000112     8   142610584   Seq          0    144        RA   6.066872   C
xterm-31657  .000133     8   142610592   Seq          0    152        RA   6.067005   C
xterm-31657  .000112     8   142610600   Seq          0    160        RA   6.067117   C
xterm-31657  .000139     8   142610608   Seq          0    168        RA   6.067256   C
xterm-31657  .000096     8   142610616   Seq          0    176        RA   6.067352   C
xterm-31657  .000087     8   142610624   Seq          0    184        RA   6.067439   C
xterm-31657  .000093     8   142610632   Seq          0    192        RA   6.067532   C
xterm-31657  .000093     8   142610640   Seq          0    200        RA   6.067625   C
xterm-31657  .000086     8   142610648   Seq          0    208        RA   6.067711   C
xterm-31657  .000198     8   142610656   Seq          0    216        RA   6.067909   C
xterm-31657  .000108     8   142610664   Seq          0    224        RA   6.068017   C
xterm-31657  .000094     8   142610672   Seq          0    232        RA   6.068111   C
xterm-31657  .000506     8   142610680   Seq          0    240        RA   6.068617   C
xterm-31657  .000097     8   142610688   Seq          0    248        RA   6.068714   C
xterm-31657  .000093     8   142610568   Seq       -128    256        RM   6.068807   C
xterm-31657  .019175     8    92563728  Rand  -50046848      0         R   6.087982   C
Xorg-925  .029161     8   109119744  Rand   16556008      0        RM   6.117143 START
xterm-31657  .024964     8   130091488  Rand   20971736      0        RM   6.142107 START
xterm-31657  .021547     8   130093968   Seq       2472      8        RM   6.163654   C
xterm-31657  .001193    32   130304320  Rand     210320      0         R   6.164847   C
xterm-31657  .009386    64   130304352   Seq        -32     64         R   6.174233   C
xterm-31657  .000129    72   130304416   Seq         -8    136         R   6.174362   C
xterm-31657  .000973    32   130304488   Seq         40    168         R   6.175335   C
xterm-31657  .000419    48   130304520   Seq        -16    216         R   6.175754   C
xterm-31657  .000348     8   130093992  Rand    -210536      0        RM   6.176102   C
xterm-31657  .000330     8   130304584  Rand     210584      0         R   6.176432   C
xterm-31657  .001616     8   130094032  Rand    -210560      0        RM   6.178048   C
xterm-31657  .009801    16   130306064  Rand     212016      0         R   6.187849   C
xterm-31657  .012964     8   113314080  Rand  -16991992      0        RM   6.200813   C
xterm-31657  .013001     8   113250304  Rand     -63784      0        RA   6.213814   C
xterm-31657  .000048     8   113250312   Seq          0      8        RA   6.213862   C
xterm-31657  .000028     8   113250320   Seq          0     16        RA   6.213890   C
xterm-31657  .000033     8   113250328   Seq          0     24        RA   6.213923   C
xterm-31657  .000087     8   113250336   Seq          0     32        RA   6.214010   C
xterm-31657  .000033     8   113250344   Seq          0     40        RA   6.214043   C
xterm-31657  .000039     8   113250352   Seq          0     48        RA   6.214082   C
xterm-31657  .000068     8   113250360   Seq          0     56        RA   6.214150   C
xterm-31657  .000028     8   113250368   Seq          0     64        RA   6.214178   C
xterm-31657  .000044     8   113250376   Seq          0     72        RA   6.214222   C
xterm-31657  .000029     8   113250384   Seq          0     80        RA   6.214251   C
xterm-31657  .000036     8   113250392   Seq          0     88        RA   6.214287   C
xterm-31657  .000040     8   113250400   Seq          0     96        RA   6.214327   C
xterm-31657  .000027     8   113250408   Seq          0    104        RA   6.214354   C
xterm-31657  .000028     8   113250416   Seq          0    112        RA   6.214382   C
xterm-31657  .000026     8   113250424   Seq          0    120        RA   6.214408   C
xterm-31657  .000027     8   113250432   Seq          0    128        RA   6.214435   C
xterm-31657  .000031     8   113250440   Seq          0    136        RA   6.214466   C
xterm-31657  .000033     8   113250448   Seq          0    144        RA   6.214499   C
xterm-31657  .000027     8   113250456   Seq          0    152        RA   6.214526   C
xterm-31657  .000037     8   113250464   Seq          0    160        RA   6.214563   C
xterm-31657  .000043     8   113250472   Seq          0    168        RA   6.214606   C
xterm-31657  .000029     8   113250480   Seq          0    176        RA   6.214635   C
xterm-31657  .000025     8   113250488   Seq          0    184        RA   6.214660   C
xterm-31657  .000026     8   113250496   Seq          0    192        RA   6.214686   C
xterm-31657  .000028     8   113250504   Seq          0    200        RA   6.214714   C
xterm-31657  .000039     8   113250512   Seq          0    208        RA   6.214753   C
xterm-31657  .000030     8   113250528   Seq          8    216        RA   6.214783   C
xterm-31657  .000045     8   113250536   Seq          0    224        RA   6.214828   C
xterm-31657  .000035     8   113250544   Seq          0    232        RA   6.214863   C
xterm-31657  .000033     8   113250552   Seq          0    240        RA   6.214896   C
xterm-31657  .000026     8   113250560   Seq          0    248        RA   6.214922   C
xterm-31657  .000022     8   113250520   Seq        -48    256        RM   6.214944   C
xterm-31657  .031218     8   113315200  Rand      64672      0        RM   6.246162   C
xterm-31657  .020427     8    92343592  Rand  -20971616      0        RM   6.266589   C
xterm-31657  .012256     8    92342568   Seq      -1032      8        RM   6.278845   C
xterm-31657  .014202     8    92343696   Seq       1120     16        RM   6.293047   C
xterm-31657  .014222    16    92541296  Rand     197584      0         R   6.307269   C
xterm-31657  .011624    24    92541264   Seq        -56     24         R   6.318893   C
xterm-31657  .000466   256   114461328  Rand   21919808      0         R   6.319359   C
xterm-31657  .022296     8   114461824   Seq        488      8         R   6.341655   C
xterm-31657  .003126     8   114558392  Rand      96560      0         R   6.344781   C
xterm-31657  .012269     8   130092544  Rand   15534144      0        RM   6.357050   C
xterm-31657  .011150     8   155196928  Rand   25104376      0        RA   6.368200   C
xterm-31657  .000059     8   155196936   Seq          0      8        RA   6.368259   C
xterm-31657  .000087     8   155196944   Seq          0     16        RA   6.368346   C
xterm-31657  .000566     8   155196952   Seq          0     24        RA   6.368912   C
xterm-31657  .000091     8   155196960   Seq          0     32        RA   6.369003   C
xterm-31657  .000064     8   155196968   Seq          0     40        RA   6.369067   C
xterm-31657  .000038     8   155196984   Seq          8     48        RA   6.369105   C
xterm-31657  .000031     8   155196992   Seq          0     56        RA   6.369136   C
xterm-31657  .000042     8   155197000   Seq          0     64        RA   6.369178   C
xterm-31657  .000035     8   155197008   Seq          0     72        RA   6.369213   C
xterm-31657  .000033     8   155197016   Seq          0     80        RA   6.369246   C
xterm-31657  .000066     8   155197024   Seq          0     88        RA   6.369312   C
xterm-31657  .000036     8   155197032   Seq          0     96        RA   6.369348   C
xterm-31657  .000043     8   155197040   Seq          0    104        RA   6.369391   C
xterm-31657  .000045     8   155197048   Seq          0    112        RA   6.369436   C
xterm-31657  .000043     8   155197056   Seq          0    120        RA   6.369479   C
xterm-31657  .000053     8   155197064   Seq          0    128        RA   6.369532   C
xterm-31657  .000051     8   155197072   Seq          0    136        RA   6.369583   C
xterm-31657  .000037     8   155197080   Seq          0    144        RA   6.369620   C
xterm-31657  .000033     8   155197088   Seq          0    152        RA   6.369653   C
xterm-31657  .000026     8   155197096   Seq          0    160        RA   6.369679   C
xterm-31657  .000024     8   155197104   Seq          0    168        RA   6.369703   C
xterm-31657  .000025     8   155197112   Seq          0    176        RA   6.369728   C
xterm-31657  .000033     8   155197120   Seq          0    184        RA   6.369761   C
xterm-31657  .000021     8   155197128   Seq          0    192        RA   6.369782   C
xterm-31657  .000021     8   155197136   Seq          0    200        RA   6.369803   C
xterm-31657  .000021     8   155197144   Seq          0    208        RA   6.369824   C
xterm-31657  .000021     8   155197152   Seq          0    216        RA   6.369845   C
xterm-31657  .000022     8   155197160   Seq          0    224        RA   6.369867   C
xterm-31657  .000022     8   155197168   Seq          0    232        RA   6.369889   C
xterm-31657  .000022     8   155197176   Seq          0    240        RA   6.369911   C
xterm-31657  .000020     8   155197184   Seq          0    248        RA   6.369931   C
xterm-31657  .000054     8   155196976   Seq       -216    256        RM   6.369985   C
xterm-31657  .068043     8   155284632  Rand      87648      0        RM   6.438028   C
xterm-31657  .019768     8   155197440  Rand     -87200      0        RA   6.457796   C
xterm-31657  .000052     8   155197448   Seq          0      8        RA   6.457848   C
xterm-31657  .000033     8   155197456   Seq          0     16        RA   6.457881   C
xterm-31657  .000039     8   155197464   Seq          0     24        RA   6.457920   C
xterm-31657  .000085     8   155197472   Seq          0     32        RA   6.458005   C
xterm-31657  .000051     8   155197480   Seq          0     40        RA   6.458056   C
xterm-31657  .000049     8   155197488   Seq          0     48        RA   6.458105   C
xterm-31657  .000073     8   155197496   Seq          0     56        RA   6.458178   C
xterm-31657  .000087     8   155197504   Seq          0     64        RA   6.458265   C
xterm-31657  .000067     8   155197512   Seq          0     72        RA   6.458332   C
xterm-31657  .000056     8   155197520   Seq          0     80        RA   6.458388   C
xterm-31657  .000068     8   155197528   Seq          0     88        RA   6.458456   C
xterm-31657  .000053     8   155197536   Seq          0     96        RA   6.458509   C
xterm-31657  .000070     8   155197544   Seq          0    104        RA   6.458579   C
xterm-31657  .000052     8   155197552   Seq          0    112        RA   6.458631   C
xterm-31657  .000048     8   155197560   Seq          0    120        RA   6.458679   C
xterm-31657  .000192     8   155197568   Seq          0    128        RA   6.458871   C
xterm-31657  .000051     8   155197576   Seq          0    136        RA   6.458922   C
xterm-31657  .000068     8   155197584   Seq          0    144        RA   6.458990   C
xterm-31657  .000052     8   155197592   Seq          0    152        RA   6.459042   C
xterm-31657  .000048     8   155197600   Seq          0    160        RA   6.459090   C
xterm-31657  .000048     8   155197616   Seq          8    168        RA   6.459138   C
xterm-31657  .000048     8   155197624   Seq          0    176        RA   6.459186   C
xterm-31657  .000062     8   155197632   Seq          0    184        RA   6.459248   C
xterm-31657  .000035     8   155197640   Seq          0    192        RA   6.459283   C
xterm-31657  .000034     8   155197648   Seq          0    200        RA   6.459317   C
xterm-31657  .000035     8   155197656   Seq          0    208        RA   6.459352   C
xterm-31657  .000034     8   155197664   Seq          0    216        RA   6.459386   C
xterm-31657  .000033     8   155197672   Seq          0    224        RA   6.459419   C
xterm-31657  .000035     8   155197680   Seq          0    232        RA   6.459454   C
xterm-31657  .000036     8   155197688   Seq          0    240        RA   6.459490   C
xterm-31657  .000037     8   155197696   Seq          0    248        RA   6.459527   C
xterm-31657  .000033     8   155197608   Seq        -96    256        RM   6.459560   C
xterm-31657  .027824     8   155285352  Rand      87736      0        RM   6.487384   C
xterm-31657  .004763    32   155508448  Rand     223064      0         R   6.492147   C
Xorg-925  .011004     8   130092128  Rand  -25416328      0        RM   6.503151 START
Xorg-925  .017677     8   146870784  Rand   16778648      0        RM   6.520828   C
Xorg-925  .007884     8   146870840   Seq         48      8        RM   6.528712   C
Xorg-925  .000367     8   146870888   Seq         40     16        RM   6.529079   C
Xorg-925  .000674     8   146803712  Rand     -67184      0        RA   6.529753   C
Xorg-925  .000043     8   146803720   Seq          0      8        RA   6.529796   C
Xorg-925  .000038     8   146803728   Seq          0     16        RA   6.529834   C
Xorg-925  .000050     8   146803736   Seq          0     24        RA   6.529884   C
Xorg-925  .000029     8   146803744   Seq          0     32        RA   6.529913   C
Xorg-925  .000067     8   146803752   Seq          0     40        RA   6.529980   C
Xorg-925  .000035     8   146803760   Seq          0     48        RA   6.530015   C
Xorg-925  .000038     8   146803768   Seq          0     56        RA   6.530053   C
Xorg-925  .000046     8   146803776   Seq          0     64        RA   6.530099   C
Xorg-925  .000041     8   146803784   Seq          0     72        RA   6.530140   C
Xorg-925  .000041     8   146803792   Seq          0     80        RA   6.530181   C
Xorg-925  .000040     8   146803800   Seq          0     88        RA   6.530221   C
Xorg-925  .000040     8   146803808   Seq          0     96        RA   6.530261   C
Xorg-925  .000041     8   146803816   Seq          0    104        RA   6.530302   C
Xorg-925  .000041     8   146803824   Seq          0    112        RA   6.530343   C
Xorg-925  .000040     8   146803832   Seq          0    120        RA   6.530383   C
Xorg-925  .000040     8   146803840   Seq          0    128        RA   6.530423   C
Xorg-925  .000040     8   146803848   Seq          0    136        RA   6.530463   C
Xorg-925  .000039     8   146803856   Seq          0    144        RA   6.530502   C
Xorg-925  .000041     8   146803864   Seq          0    152        RA   6.530543   C
Xorg-925  .000042     8   146803872   Seq          0    160        RA   6.530585   C
Xorg-925  .000041     8   146803880   Seq          0    168        RA   6.530626   C
Xorg-925  .000041     8   146803896   Seq          8    176        RA   6.530667   C
Xorg-925  .000030     8   146803904   Seq          0    184        RA   6.530697   C
Xorg-925  .000026     8   146803912   Seq          0    192        RA   6.530723   C
Xorg-925  .000040     8   146803920   Seq          0    200        RA   6.530763   C
Xorg-925  .000040     8   146803928   Seq          0    208        RA   6.530803   C
Xorg-925  .000040     8   146803936   Seq          0    216        RA   6.530843   C
Xorg-925  .000038     8   146803944   Seq          0    224        RA   6.530881   C
Xorg-925  .000040     8   146803952   Seq          0    232        RA   6.530921   C
Xorg-925  .000040     8   146803960   Seq          0    240        RA   6.530961   C
Xorg-925  .000027     8   146803968   Seq          0    248        RA   6.530988   C
Xorg-925  .000027     8   146803888   Seq        -88    256        RM   6.531015   C
Xorg-925  .021085     8   147116032  Rand     312136      0         R   6.552100   C
xterm-31657  .010355   128   113793864  Rand  -33322296      0         R   6.562455 START
xterm-31657  .027828    16   114461312  Rand     667432      0         R   6.590283   C
xterm-31657  .001365     8   113314072  Rand   -1147248      0        RM   6.591648   C
xterm-31657  .014136     8   113319952   Seq       5872      8        RM   6.605784   C
xterm-31657  .008283     8   113314240   Seq      -5720     16        RM   6.614067   C
xterm-31657  .044829     8   113314528   Seq        280     24        RM   6.658896   C
xterm-31657  .024269     8   113801544  Rand     487008      0         R   6.683165   C
xterm-31657  .015899    32   155507232  Rand   41705656      0         R   6.699064   C
xterm-31657  .014256    32   155507104   Seq       -160     32         R   6.713320   C
xterm-31657  .000430    32   155507200   Seq         64     64         R   6.713750   C
xterm-31657  .000362    32   155507072   Seq       -160     96         R   6.714112   C
xterm-31657  .015323    32   155507136   Seq         32    128         R   6.729435   C
xterm-31657  .004771    32   155507168   Seq          0    160         R   6.734206   C
Xorg-925  .004490     8   146870864  Rand   -8636312      0        RM   6.738696 START
Xorg-925  .000373    16   147105296  Rand     234416      0         R   6.739069   C
Xorg-925  .008102     8   146803456  Rand    -301848      0        RA   6.747171   C
Xorg-925  .000065     8   146803464   Seq          0      8        RA   6.747236   C
Xorg-925  .000043     8   146803472   Seq          0     16        RA   6.747279   C
Xorg-925  .000041     8   146803480   Seq          0     24        RA   6.747320   C
Xorg-925  .000040     8   146803488   Seq          0     32        RA   6.747360   C
Xorg-925  .000040     8   146803496   Seq          0     40        RA   6.747400   C
Xorg-925  .000039     8   146803504   Seq          0     48        RA   6.747439   C
Xorg-925  .000039     8   146803512   Seq          0     56        RA   6.747478   C
Xorg-925  .000039     8   146803520   Seq          0     64        RA   6.747517   C
Xorg-925  .000039     8   146803528   Seq          0     72        RA   6.747556   C
Xorg-925  .000040     8   146803536   Seq          0     80        RA   6.747596   C
Xorg-925  .000041     8   146803544   Seq          0     88        RA   6.747637   C
Xorg-925  .000042     8   146803552   Seq          0     96        RA   6.747679   C
Xorg-925  .000047     8   146803560   Seq          0    104        RA   6.747726   C
Xorg-925  .000040     8   146803568   Seq          0    112        RA   6.747766   C
Xorg-925  .000039     8   146803576   Seq          0    120        RA   6.747805   C
Xorg-925  .000039     8   146803584   Seq          0    128        RA   6.747844   C
Xorg-925  .000039     8   146803592   Seq          0    136        RA   6.747883   C
Xorg-925  .000046     8   146803600   Seq          0    144        RA   6.747929   C
Xorg-925  .000034     8   146803608   Seq          0    152        RA   6.747963   C
Xorg-925  .000034     8   146803616   Seq          0    160        RA   6.747997   C
Xorg-925  .000034     8   146803624   Seq          0    168        RA   6.748031   C
Xorg-925  .000033     8   146803632   Seq          0    176        RA   6.748064   C
Xorg-925  .000033     8   146803640   Seq          0    184        RA   6.748097   C
Xorg-925  .000034     8   146803648   Seq          0    192        RA   6.748131   C
Xorg-925  .000033     8   146803656   Seq          0    200        RA   6.748164   C
Xorg-925  .000035     8   146803664   Seq          0    208        RA   6.748199   C
Xorg-925  .000034     8   146803672   Seq          0    216        RA   6.748233   C
Xorg-925  .000034     8   146803680   Seq          0    224        RA   6.748267   C
Xorg-925  .000037     8   146803696   Seq          8    232        RA   6.748304   C
Xorg-925  .000038     8   146803704   Seq          0    240        RA   6.748342   C
Xorg-925  .000034     8   146803688   Seq        -24    248        RM   6.748376   C
Xorg-925  .028374    32   147100264  Rand     296544      0         R   6.776750   C
Xorg-925  .012532    64   147100296   Seq        -32     64         R   6.789282   C
Xorg-925  .000828   128   147100360   Seq        -64    192         R   6.790110   C
Xorg-925  .000739   256   147100488   Seq       -128    448         R   6.790849   C
Xorg-925  .002126   224   147100744   Seq         32    672         R   6.792975   C
Xorg-925  .012590    32   147108064   Seq       7288    704         R   6.805565   C
Xorg-925  .009175    16   147108096   Seq         16    720         R   6.814740   C
Xorg-925  .004357     8   146870880  Rand    -237224      0        RM   6.819097   C
Xorg-925  .000599    32   147105152  Rand     234240      0         R   6.819696   C
Xorg-925  .000351    64   147105184   Seq        -32     64         R   6.820047   C
Xorg-925  .000325    48   147105248   Seq         16    112         R   6.820372   C
Xorg-925  .004524    32   147105504   Seq        224    144         R   6.824896   C
Xorg-925  .000394    16   147105536   Seq         16    160         R   6.825290   C
xterm-31657  .010731    32   130304248  Rand  -16801320      0         R   6.836021 START
xterm-31657  .014276    40   130304280   Seq         -8     40         R   6.850297   C
xterm-31657  .000660    32   130304928   Seq        616     72         R   6.850957   C
xterm-31657  .015740    64   130304960   Seq        -32    136         R   6.866697   C
xterm-31657  .000451   128   130305024   Seq        -64    264         R   6.867148   C
xterm-31657  .003412   256   130305152   Seq       -128    520         R   6.870560   C
xterm-31657  .002624   256   130305408   Seq          0    776         R   6.873184   C
xterm-31657  .003296   256   130305664   Seq          0   1032         R   6.876480   C
xterm-31657  .002562   128   130305920   Seq        128   1160         R   6.879042   C
xterm-31657  .011339     8   159451392  Rand   29145464      0        RM   6.890381   C
xterm-31657  .010541     8   159385856  Rand     -65544      0        RA   6.900922   C
xterm-31657  .000078     8   159385872   Seq          8      8        RA   6.901000   C
xterm-31657  .000112     8   159385880   Seq          0     16        RA   6.901112   C
xterm-31657  .000056     8   159385888   Seq          0     24        RA   6.901168   C
xterm-31657  .000035     8   159385896   Seq          0     32        RA   6.901203   C
xterm-31657  .000026     8   159385904   Seq          0     40        RA   6.901229   C
xterm-31657  .000027     8   159385912   Seq          0     48        RA   6.901256   C
xterm-31657  .000078     8   159385920   Seq          0     56        RA   6.901334   C
xterm-31657  .000085     8   159385928   Seq          0     64        RA   6.901419   C
xterm-31657  .000051     8   159385936   Seq          0     72        RA   6.901470   C
xterm-31657  .000046     8   159385944   Seq          0     80        RA   6.901516   C
xterm-31657  .000092     8   159385952   Seq          0     88        RA   6.901608   C
xterm-31657  .000087     8   159385960   Seq          0     96        RA   6.901695   C
xterm-31657  .000035     8   159385968   Seq          0    104        RA   6.901730   C
xterm-31657  .000037     8   159385976   Seq          0    112        RA   6.901767   C
xterm-31657  .000032     8   159385984   Seq          0    120        RA   6.901799   C
xterm-31657  .000047     8   159385992   Seq          0    128        RA   6.901846   C
xterm-31657  .000048     8   159386000   Seq          0    136        RA   6.901894   C
xterm-31657  .000132     8   159386008   Seq          0    144        RA   6.902026   C
xterm-31657  .000043     8   159386016   Seq          0    152        RA   6.902069   C
xterm-31657  .000040     8   159386024   Seq          0    160        RA   6.902109   C
xterm-31657  .000040     8   159386032   Seq          0    168        RA   6.902149   C
xterm-31657  .000041     8   159386040   Seq          0    176        RA   6.902190   C
xterm-31657  .000038     8   159386048   Seq          0    184        RA   6.902228   C
xterm-31657  .000032     8   159386056   Seq          0    192        RA   6.902260   C
xterm-31657  .000024     8   159386064   Seq          0    200        RA   6.902284   C
xterm-31657  .000020     8   159386072   Seq          0    208        RA   6.902304   C
xterm-31657  .000022     8   159386080   Seq          0    216        RA   6.902326   C
xterm-31657  .000021     8   159386088   Seq          0    224        RA   6.902347   C
xterm-31657  .000034     8   159386096   Seq          0    232        RA   6.902381   C
xterm-31657  .000023     8   159386104   Seq          0    240        RA   6.902404   C
xterm-31657  .000034     8   159386112   Seq          0    248        RA   6.902438   C
xterm-31657  .000041     8   159385864   Seq       -256    256        RM   6.902479   C
xterm-31657  .020700     8    92343456  Rand  -67042416      0        RM   6.923179   C
xterm-31657  .015541     8   159451552  Rand   67108088      0        RM   6.938720   C
xterm-31657  .008207     8     4196864  Rand -155254696      0        RA   6.946927   C
xterm-31657  .000049     8     4196872   Seq          0      8        RA   6.946976   C
xterm-31657  .000029     8     4196880   Seq          0     16        RA   6.947005   C
xterm-31657  .000029     8     4196888   Seq          0     24        RA   6.947034   C
xterm-31657  .000028     8     4196896   Seq          0     32        RA   6.947062   C
xterm-31657  .000028     8     4196904   Seq          0     40        RA   6.947090   C
xterm-31657  .000035     8     4196912   Seq          0     48        RA   6.947125   C
xterm-31657  .000052     8     4196920   Seq          0     56        RA   6.947177   C
xterm-31657  .000042     8     4196928   Seq          0     64        RA   6.947219   C
xterm-31657  .000033     8     4196936   Seq          0     72        RA   6.947252   C
xterm-31657  .000048     8     4196944   Seq          0     80        RA   6.947300   C
xterm-31657  .000043     8     4196952   Seq          0     88        RA   6.947343   C
xterm-31657  .000042     8     4196960   Seq          0     96        RA   6.947385   C
xterm-31657  .000030     8     4196968   Seq          0    104        RA   6.947415   C
xterm-31657  .000065     8     4196976   Seq          0    112        RA   6.947480   C
xterm-31657  .000037     8     4196984   Seq          0    120        RA   6.947517   C
xterm-31657  .000028     8     4196992   Seq          0    128        RA   6.947545   C
xterm-31657  .000027     8     4197000   Seq          0    136        RA   6.947572   C
xterm-31657  .000071     8     4197008   Seq          0    144        RA   6.947643   C
xterm-31657  .000028     8     4197024   Seq          8    152        RA   6.947671   C
xterm-31657  .000059     8     4197032   Seq          0    160        RA   6.947730   C
xterm-31657  .000036     8     4197040   Seq          0    168        RA   6.947766   C
xterm-31657  .000028     8     4197048   Seq          0    176        RA   6.947794   C
xterm-31657  .000025     8     4197056   Seq          0    184        RA   6.947819   C
xterm-31657  .000041     8     4197064   Seq          0    192        RA   6.947860   C
xterm-31657  .000047     8     4197072   Seq          0    200        RA   6.947907   C
xterm-31657  .000025     8     4197080   Seq          0    208        RA   6.947932   C
xterm-31657  .000024     8     4197088   Seq          0    216        RA   6.947956   C
xterm-31657  .000022     8     4197096   Seq          0    224        RA   6.947978   C
xterm-31657  .000037     8     4197104   Seq          0    232        RA   6.948015   C
xterm-31657  .000023     8     4197112   Seq          0    240        RA   6.948038   C
xterm-31657  .000022     8     4197120   Seq          0    248        RA   6.948060   C
xterm-31657  .000022     8     4197016   Seq       -112    256        RM   6.948082   C
xterm-31657  .030939     8     4263744  Rand      66720      0        RM   6.979021   C
xterm-31657  .019420     8     4845032  Rand     581280      0         R   6.998441   C
xterm-31657  .023731     8    92539792  Rand   87694752      0         R   7.022172   C
xterm-31657  .018704     8   109738560  Rand   17198760      0         R   7.040876   C
xterm-31657  .009196    56   120907696  Rand   11169080      0         R   7.050072   C
xterm-31657  .005529     8   109738856  Rand  -11168848      0         R   7.055601   C
xterm-31657  .007626     8   109738712   Seq       -152      8         R   7.063227   C
xterm-31657  .000416     8    92278272  Rand  -17460448      0        RA   7.063643   C
xterm-31657  .000048     8    92278280   Seq          0      8        RA   7.063691   C
xterm-31657  .000028     8    92278288   Seq          0     16        RA   7.063719   C
xterm-31657  .000027     8    92278296   Seq          0     24        RA   7.063746   C
xterm-31657  .000025     8    92278304   Seq          0     32        RA   7.063771   C
xterm-31657  .000048     8    92278312   Seq          0     40        RA   7.063819   C
xterm-31657  .000032     8    92278320   Seq          0     48        RA   7.063851   C
xterm-31657  .000040     8    92278328   Seq          0     56        RA   7.063891   C
xterm-31657  .000036     8    92278336   Seq          0     64        RA   7.063927   C
xterm-31657  .000027     8    92278344   Seq          0     72        RA   7.063954   C
xterm-31657  .000027     8    92278352   Seq          0     80        RA   7.063981   C
xterm-31657  .000027     8    92278360   Seq          0     88        RA   7.064008   C
xterm-31657  .000029     8    92278368   Seq          0     96        RA   7.064037   C
xterm-31657  .000029     8    92278376   Seq          0    104        RA   7.064066   C
xterm-31657  .000048     8    92278384   Seq          0    112        RA   7.064114   C
xterm-31657  .000042     8    92278392   Seq          0    120        RA   7.064156   C
xterm-31657  .000029     8    92278400   Seq          0    128        RA   7.064185   C
xterm-31657  .000069     8    92278408   Seq          0    136        RA   7.064254   C
xterm-31657  .000034     8    92278416   Seq          0    144        RA   7.064288   C
xterm-31657  .000036     8    92278424   Seq          0    152        RA   7.064324   C
xterm-31657  .000038     8    92278432   Seq          0    160        RA   7.064362   C
xterm-31657  .000025     8    92278440   Seq          0    168        RA   7.064387   C
xterm-31657  .000024     8    92278448   Seq          0    176        RA   7.064411   C
xterm-31657  .000037     8    92278456   Seq          0    184        RA   7.064448   C
xterm-31657  .000026     8    92278472   Seq          8    192        RA   7.064474   C
xterm-31657  .000023     8    92278480   Seq          0    200        RA   7.064497   C
xterm-31657  .000025     8    92278488   Seq          0    208        RA   7.064522   C
xterm-31657  .000023     8    92278496   Seq          0    216        RA   7.064545   C
xterm-31657  .000023     8    92278504   Seq          0    224        RA   7.064568   C
xterm-31657  .000022     8    92278512   Seq          0    232        RA   7.064590   C
xterm-31657  .000040     8    92278520   Seq          0    240        RA   7.064630   C
xterm-31657  .000043     8    92278528   Seq          0    248        RA   7.064673   C
xterm-31657  .000031     8    92278464   Seq        -72    256        RM   7.064704   C
xterm-31657  .038152     8   109322728  Rand   17044256      0         R   7.102856   C
